<?xml version="1.0" encoding="UTF-8"?>
<!-- Generated by org.testng.reporters.JUnitReportReporter -->
<testsuite skipped="0" hostname="Dell5580" name="Scripts.SC003_testUserAuthentication" tests="1" failures="0" timestamp="2020-07-16T21:02:58 CAT" time="71.084" errors="0">
  <testcase name="User_Authentication" time="71.084" classname="Scripts.SC003_testUserAuthentication"/>
  <system-out/>
</testsuite> <!-- Scripts.SC003_testUserAuthentication -->
