<?xml version="1.0" encoding="UTF-8"?>
<!-- Generated by org.testng.reporters.JUnitReportReporter -->
<testsuite skipped="0" hostname="Dell5580" name="Scripts.SC004_testUserRegistration" tests="1" failures="0" timestamp="2020-07-29T10:56:51 CAT" time="23.202" errors="0">
  <testcase name="User_Registration" time="23.202" classname="Scripts.SC004_testUserRegistration"/>
  <system-out/>
</testsuite> <!-- Scripts.SC004_testUserRegistration -->
