<?xml version="1.0" encoding="UTF-8"?>
<!-- Generated by org.testng.reporters.JUnitReportReporter -->
<testsuite skipped="0" hostname="Dell5580" name="Scripts.TC001" tests="1" failures="0" timestamp="2020-06-26T02:39:20 CAT" time="36.106" errors="0">
  <testcase name="testRegisterEmailAccount" time="36.106" classname="Scripts.TC001"/>
  <system-out/>
</testsuite> <!-- Scripts.TC001 -->
