<?xml version="1.0" encoding="UTF-8"?>
<!-- Generated by org.testng.reporters.JUnitReportReporter -->
<testsuite skipped="0" hostname="Dell5580" name="config.StartBrowser" tests="1" failures="0" timestamp="2020-06-25T02:25:41 CAT" time="7.239" errors="0">
  <testcase name="launch" time="7.239" classname="config.StartBrowser"/>
  <system-out/>
</testsuite> <!-- config.StartBrowser -->
