<?xml version="1.0" encoding="UTF-8"?>
<!-- Generated by org.testng.reporters.JUnitReportReporter -->
<testsuite skipped="0" hostname="Dell5580" name="Scripts.SC003_testCheckAccountWithdrawal" tests="1" failures="0" timestamp="2020-07-17T03:09:57 CAT" time="65.199" errors="0">
  <testcase name="User_Check_Account_Withdrawal" time="65.199" classname="Scripts.SC003_testCheckAccountWithdrawal"/>
  <system-out/>
</testsuite> <!-- Scripts.SC003_testCheckAccountWithdrawal -->
