<?xml version="1.0" encoding="UTF-8"?>
<!-- Generated by org.testng.reporters.JUnitReportReporter -->
<testsuite skipped="0" hostname="Dell5580" name="Scripts.SC004_testCheckAccountWithdrawal" tests="1" failures="0" timestamp="2020-07-16T21:02:57 CAT" time="75.219" errors="0">
  <testcase name="User_Check_Account_Withdrawal" time="75.219" classname="Scripts.SC004_testCheckAccountWithdrawal"/>
  <system-out/>
</testsuite> <!-- Scripts.SC004_testCheckAccountWithdrawal -->
