<?xml version="1.0" encoding="UTF-8"?>
<!-- Generated by org.testng.reporters.JUnitReportReporter -->
<testsuite skipped="0" hostname="Dell5580" name="Scripts.SC004_testSavingsAccountDeposit" tests="1" failures="0" timestamp="2020-07-17T03:16:08 CAT" time="66.345" errors="0">
  <testcase name="User_Savings_Account_Deposit" time="66.345" classname="Scripts.SC004_testSavingsAccountDeposit"/>
  <system-out/>
</testsuite> <!-- Scripts.SC004_testSavingsAccountDeposit -->
