<?xml version="1.0" encoding="UTF-8"?>
<!-- Generated by org.testng.reporters.JUnitReportReporter -->
<testsuite skipped="0" hostname="Dell5580" name="Scripts.SC001_testUserRegistration" tests="1" failures="0" timestamp="2020-07-17T03:37:40 CAT" time="65.818" errors="0">
  <testcase name="User_Registration" time="65.818" classname="Scripts.SC001_testUserRegistration"/>
  <system-out/>
</testsuite> <!-- Scripts.SC001_testUserRegistration -->
