<?xml version="1.0" encoding="UTF-8"?>
<!-- Generated by org.testng.reporters.JUnitReportReporter -->
<testsuite skipped="0" hostname="Dell5580" name="Scripts.SC004_testPurchaseProduct" tests="1" failures="0" timestamp="2020-07-10T13:39:07 CAT" time="111.314" errors="0">
  <testcase name="PurchaseProduct" time="111.314" classname="Scripts.SC004_testPurchaseProduct"/>
  <system-out/>
</testsuite> <!-- Scripts.SC004_testPurchaseProduct -->
