<?xml version="1.0" encoding="UTF-8"?>
<!-- Generated by org.testng.reporters.JUnitReportReporter -->
<testsuite skipped="0" hostname="Dell5580" name="Scripts.SC003_testSavingsAccountDeposit" tests="1" failures="0" timestamp="2020-07-28T06:07:11 CAT" time="67.268" errors="0">
  <testcase name="Test_Savings_Account_Deposits" time="67.268" classname="Scripts.SC003_testSavingsAccountDeposit"/>
  <system-out/>
</testsuite> <!-- Scripts.SC003_testSavingsAccountDeposit -->
