<?xml version="1.0" encoding="UTF-8"?>
<!-- Generated by org.testng.reporters.JUnitReportReporter -->
<testsuite skipped="0" hostname="Dell5580" name="Scripts.SC001_testUserAuthentication" tests="1" failures="0" timestamp="2020-07-29T10:26:44 CAT" time="39.573" errors="0">
  <testcase name="User_Authentication" time="39.573" classname="Scripts.SC001_testUserAuthentication"/>
  <system-out/>
</testsuite> <!-- Scripts.SC001_testUserAuthentication -->
