<?xml version="1.0" encoding="UTF-8"?>
<!-- Generated by org.testng.reporters.JUnitReportReporter -->
<testsuite skipped="0" hostname="Dell5580" name="Scripts.SC002_testAccountRegistrationForm" tests="1" failures="0" timestamp="2020-07-10T13:39:07 CAT" time="112.418" errors="0">
  <testcase name="Account_Registration_Form" time="112.418" classname="Scripts.SC002_testAccountRegistrationForm"/>
  <system-out/>
</testsuite> <!-- Scripts.SC002_testAccountRegistrationForm -->
