<?xml version="1.0" encoding="UTF-8"?>
<!-- Generated by org.testng.reporters.JUnitReportReporter -->
<testsuite skipped="0" hostname="Dell5580" name="Scripts.SC001_testAccountRegistration" tests="1" failures="0" timestamp="2020-06-28T16:50:12 CAT" time="12.813" errors="0">
  <testcase name="User_Registration" time="12.813" classname="Scripts.SC001_testAccountRegistration"/>
  <system-out/>
</testsuite> <!-- Scripts.SC001_testAccountRegistration -->
