<?xml version="1.0" encoding="UTF-8"?>
<!-- Generated by org.testng.reporters.JUnitReportReporter -->
<testsuite skipped="0" hostname="Dell5580" name="Scripts.SC002_testUserAuthentication" tests="1" failures="0" timestamp="2020-07-17T03:37:40 CAT" time="60.091" errors="0">
  <testcase name="User_Authentication" time="60.091" classname="Scripts.SC002_testUserAuthentication"/>
  <system-out/>
</testsuite> <!-- Scripts.SC002_testUserAuthentication -->
