<?xml version="1.0" encoding="UTF-8"?>
<!-- Generated by org.testng.reporters.JUnitReportReporter -->
<testsuite skipped="0" hostname="Dell5580" name="Scripts.SC003_testCheckAccountWithdrawal" tests="1" failures="0" timestamp="2020-07-28T02:49:49 CAT" time="94.519" errors="0">
  <testcase name="SC002_testCheck_Account_Withdrawal" time="94.519" classname="Scripts.SC003_testCheckAccountWithdrawal"/>
  <system-out/>
</testsuite> <!-- Scripts.SC003_testCheckAccountWithdrawal -->
