<?xml version="1.0" encoding="UTF-8"?>
<!-- Generated by org.testng.reporters.JUnitReportReporter -->
<testsuite skipped="0" hostname="Dell5580" name="Scripts.SC002_testCheckAccountWithdrawal" tests="1" failures="0" timestamp="2020-07-29T02:23:46 CAT" time="95.846" errors="0">
  <testcase name="Check_Account_Withdrawal" time="95.846" classname="Scripts.SC002_testCheckAccountWithdrawal"/>
  <system-out/>
</testsuite> <!-- Scripts.SC002_testCheckAccountWithdrawal -->
