<?xml version="1.0" encoding="UTF-8"?>
<!-- Generated by org.testng.reporters.JUnitReportReporter -->
<testsuite skipped="0" hostname="Dell5580" name="Scripts.SC002_testSavingsAccountDeposit" tests="1" failures="0" timestamp="2020-07-29T10:26:44 CAT" time="73.738" errors="0">
  <testcase name="Savings_Account_Deposits" time="73.738" classname="Scripts.SC002_testSavingsAccountDeposit"/>
  <system-out/>
</testsuite> <!-- Scripts.SC002_testSavingsAccountDeposit -->
