<?xml version="1.0" encoding="UTF-8"?>
<!-- Generated by org.testng.reporters.JUnitReportReporter -->
<testsuite skipped="0" hostname="Dell5580" name="Scripts.SC002_testSavingsAccountWithdrawal" tests="1" failures="0" timestamp="2020-07-16T21:02:57 CAT" time="66.213" errors="0">
  <testcase name="User_Savings_Account_Deposit" time="66.213" classname="Scripts.SC002_testSavingsAccountWithdrawal"/>
  <system-out/>
</testsuite> <!-- Scripts.SC002_testSavingsAccountWithdrawal -->
