<?xml version="1.0" encoding="UTF-8"?>
<!-- Generated by org.testng.reporters.JUnitReportReporter -->
<testsuite skipped="0" hostname="Dell5580" name="Scripts.SC004_testUserRegistration" tests="1" failures="0" timestamp="2020-07-28T06:23:15 CAT" time="67.715" errors="0">
  <testcase name="Test_User_Registration" time="67.715" classname="Scripts.SC004_testUserRegistration"/>
  <system-out/>
</testsuite> <!-- Scripts.SC004_testUserRegistration -->
