<?xml version="1.0" encoding="UTF-8"?>
<!-- Generated by org.testng.reporters.JUnitReportReporter -->
<testsuite skipped="0" hostname="Dell5580" name="Scripts.SC003_testCheckAccountWithdrawal" tests="1" failures="0" timestamp="2020-07-29T10:51:26 CAT" time="81.345" errors="0">
  <testcase name="Check_Account_Withdrawal" time="81.345" classname="Scripts.SC003_testCheckAccountWithdrawal"/>
  <system-out/>
</testsuite> <!-- Scripts.SC003_testCheckAccountWithdrawal -->
