<?xml version="1.0" encoding="UTF-8"?>
<!-- Generated by org.testng.reporters.JUnitReportReporter -->
<testsuite skipped="0" hostname="Dell5580" name="Scripts.SC002_testCheckAccountWithdrawal" tests="1" failures="0" timestamp="2020-07-28T06:23:15 CAT" time="64.463" errors="0">
  <testcase name="Test_Check_Account_Withdrawal" time="64.463" classname="Scripts.SC002_testCheckAccountWithdrawal"/>
  <system-out/>
</testsuite> <!-- Scripts.SC002_testCheckAccountWithdrawal -->
