<?xml version="1.0" encoding="UTF-8"?>
<!-- Generated by org.testng.reporters.JUnitReportReporter -->
<testsuite skipped="0" hostname="Dell5580" name="Scripts.SC001_testUserAuthentication" tests="1" failures="0" timestamp="2020-07-28T06:23:15 CAT" time="56.264" errors="0">
  <testcase name="Test_User_Authentication" time="56.264" classname="Scripts.SC001_testUserAuthentication"/>
  <system-out/>
</testsuite> <!-- Scripts.SC001_testUserAuthentication -->
